Problem 1: FlipFlopOpt
	Algorithm: ga


    Iteration  Fitness  FEvals  ...  Population Size Mutation Rate  max_iters
0          0    271.0       0  ...              500           0.3       1000
1       1000    454.0    1070  ...              500           0.3       1000

[2 rows x 8 columns]
		Best Fitness:       Iteration       Time  Fitness  ...  Population Size  Mutation Rate  max_iters
0             0   0.005455    271.0  ...              500            0.3       1000
1             1   0.034582    286.0  ...              500            0.3       1000
2             2   0.055900    291.0  ...              500            0.3       1000
3             3   0.076712    291.0  ...              500            0.3       1000
4             4   0.098310    293.0  ...              500            0.3       1000
...         ...        ...      ...  ...              ...            ...        ...
996         996  20.872495    454.0  ...              500            0.3       1000
997         997  20.888244    454.0  ...              500            0.3       1000
998         998  20.905002    454.0  ...              500            0.3       1000
999         999  20.919308    454.0  ...              500            0.3       1000
1000       1000  20.935167    454.0  ...              500            0.3       1000

[1001 rows x 7 columns]
Problem 1: FlipFlopOpt
	Algorithm: mimic


    Iteration  Fitness  FEvals  ...  Population Size Keep Percent  max_iters
0          0    271.0       0  ...              200          0.5        500
1        500    410.0     530  ...              200          0.5        500

[2 rows x 9 columns]
		Best Fitness:      Iteration        Time  Fitness  ...  Population Size  Keep Percent  max_iters
0            0    0.001653    271.0  ...              200           0.5        500
1            1    0.225978    285.0  ...              200           0.5        500
2            2    0.504829    285.0  ...              200           0.5        500
3            3    0.750367    285.0  ...              200           0.5        500
4            4    0.981975    285.0  ...              200           0.5        500
..         ...         ...      ...  ...              ...           ...        ...
496        496  202.096642    410.0  ...              200           0.5        500
497        497  202.468226    410.0  ...              200           0.5        500
498        498  202.872311    410.0  ...              200           0.5        500
499        499  203.252389    410.0  ...              200           0.5        500
500        500  203.632609    410.0  ...              200           0.5        500

[501 rows x 8 columns]
Problem 1: FlipFlopOpt
	Algorithm: rhc


     Iteration  Fitness  FEvals  ...  Restarts max_iters  current_restart
0           0    271.0       0  ...        47      1000                0
1        1000    391.0    1060  ...        47      1000                0
2           0    232.0    1060  ...        47      1000                1
3        1000    399.0    2144  ...        47      1000                1
4           0    266.0    2144  ...        47      1000                2
..        ...      ...     ...  ...       ...       ...              ...
91       1000    398.0   49372  ...        47      1000               45
92          0    259.0   49372  ...        47      1000               46
93       1000    381.0   50433  ...        47      1000               46
94          0    253.0   50433  ...        47      1000               47
95       1000    383.0   51498  ...        47      1000               47

[96 rows x 8 columns]
		Best Fitness:        Iteration      Time  Fitness  ...  Restarts  max_iters  current_restart
47001          1  0.001753    253.0  ...        47       1000               47
47002          2  0.001881    253.0  ...        47       1000               47
47003          3  0.002006    253.0  ...        47       1000               47
47004          4  0.002128    253.0  ...        47       1000               47
47005          5  0.002365    253.0  ...        47       1000               47
...          ...       ...      ...  ...       ...        ...              ...
47996        996  0.216746    383.0  ...        47       1000               47
47997        997  0.217014    383.0  ...        47       1000               47
47998        998  0.217285    383.0  ...        47       1000               47
47999        999  0.217561    383.0  ...        47       1000               47
48000       1000  0.217848    383.0  ...        47       1000               47

[1000 rows x 7 columns]
Problem 1: FlipFlopOpt
	Algorithm: sa


    Iteration  Fitness  FEvals  ...  schedule_current_value Temperature max_iters
0          0    271.0       0  ...               49.999849          50     10000
1      10000    471.0   12241  ...               44.102407          50     10000

[2 rows x 12 columns]
		Best Fitness:        Iteration       Time  Fitness   FEvals Temperature  max_iters
0              0   0.000300    271.0      0.0          50      10000
1              1   0.002261    269.0      2.0          50      10000
2              2   0.002518    267.0      4.0          50      10000
3              3   0.002768    267.0      6.0          50      10000
4              4   0.003011    267.0      8.0          50      10000
...          ...        ...      ...      ...         ...        ...
9996        9996  12.478728    471.0  12237.0          50      10000
9997        9997  12.480858    471.0  12238.0          50      10000
9998        9998  12.483301    471.0  12239.0          50      10000
9999        9999  12.485630    471.0  12240.0          50      10000
10000      10000  12.488006    471.0  12241.0          50      10000

[10001 rows x 6 columns]
=====================================================================

Problem 2: DiscreteOpt
	Algorithm: ga


    Iteration  Fitness  FEvals  ...  Population Size Mutation Rate  max_iters
0          0      0.0     500  ...              500           0.2       1000
1       1000    276.0  501627  ...              500           0.2       1000

[2 rows x 8 columns]
		Best Fitness:       Iteration       Time  Fitness  ...  Population Size  Mutation Rate  max_iters
0             0   0.004339      0.0  ...              500            0.2       1000
1             1   0.015752     12.0  ...              500            0.2       1000
2             2   0.026270     12.0  ...              500            0.2       1000
3             3   0.036370     12.0  ...              500            0.2       1000
4             4   0.046914     12.0  ...              500            0.2       1000
...         ...        ...      ...  ...              ...            ...        ...
996         996  17.830144    276.0  ...              500            0.2       1000
997         997  17.851530    276.0  ...              500            0.2       1000
998         998  17.872726    276.0  ...              500            0.2       1000
999         999  17.895251    276.0  ...              500            0.2       1000
1000       1000  17.920719    276.0  ...              500            0.2       1000

[1001 rows x 7 columns]
Problem 2: DiscreteOpt
	Algorithm: mimic


    Iteration  Fitness  FEvals  ...  Population Size Keep Percent  max_iters
0          0      0.0     100  ...              100          0.5        500
1        500     15.0   50604  ...              100          0.5        500

[2 rows x 9 columns]
		Best Fitness:      Iteration        Time  Fitness  ...  Population Size  Keep Percent  max_iters
0            0    0.001405      0.0  ...              100           0.5        500
1            1    0.288945      9.0  ...              100           0.5        500
2            2    0.510377      9.0  ...              100           0.5        500
3            3    0.707368      9.0  ...              100           0.5        500
4            4    0.887494      9.0  ...              100           0.5        500
..         ...         ...      ...  ...              ...           ...        ...
496        496  122.490959     15.0  ...              100           0.5        500
497        497  122.754304     15.0  ...              100           0.5        500
498        498  123.011207     15.0  ...              100           0.5        500
499        499  123.244073     15.0  ...              100           0.5        500
500        500  123.479785     15.0  ...              100           0.5        500

[501 rows x 8 columns]
Problem 2: DiscreteOpt
	Algorithm: rhc


     Iteration  Fitness  FEvals  ...  Restarts max_iters  current_restart
0           0      0.0       0  ...        31      1000                0
1        1000      4.0     840  ...        31      1000                0
2           0      0.0     840  ...        31      1000                1
3        1000      4.0    1820  ...        31      1000                1
4           0      3.0    1820  ...        31      1000                2
..        ...      ...     ...  ...       ...       ...              ...
59       1000     19.0   24354  ...        31      1000               29
60          0      2.0   24354  ...        31      1000               30
61       1000      5.0   25320  ...        31      1000               30
62          0      4.0   25320  ...        31      1000               31
63       1000     11.0   26323  ...        31      1000               31

[64 rows x 8 columns]
		Best Fitness:        Iteration      Time  Fitness  ...  Restarts  max_iters  current_restart
25257          1  0.001693      4.0  ...        31       1000               31
25258          2  0.001708      4.0  ...        31       1000               31
25259          3  0.001721      4.0  ...        31       1000               31
25260          4  0.001732      4.0  ...        31       1000               31
25261          5  0.001743      4.0  ...        31       1000               31
...          ...       ...      ...  ...       ...        ...              ...
26252        996  0.119478     11.0  ...        31       1000               31
26253        997  0.119653     11.0  ...        31       1000               31
26254        998  0.119830     11.0  ...        31       1000               31
26255        999  0.120011     11.0  ...        31       1000               31
26256       1000  0.120192     11.0  ...        31       1000               31

[1000 rows x 7 columns]
Problem 2: DiscreteOpt
	Algorithm: sa


    Iteration  Fitness  FEvals  ...  schedule_current_value    Temperature max_iters
0          0      0.0       0  ...            9.999990e+09  10000000000.0     10000
1      10000     27.0   19760  ...            8.931996e+09  10000000000.0     10000

[2 rows x 12 columns]
		Best Fitness:        Iteration       Time  Fitness   FEvals    Temperature  max_iters
0              0   0.000095      0.0      0.0  10000000000.0      10000
1              1   0.001675      0.0      2.0  10000000000.0      10000
2              2   0.001695      0.0      4.0  10000000000.0      10000
3              3   0.001714      0.0      6.0  10000000000.0      10000
4              4   0.001730      0.0      8.0  10000000000.0      10000
...          ...        ...      ...      ...            ...        ...
9996        9996  11.229087     27.0  19752.0  10000000000.0      10000
9997        9997  11.231292     27.0  19754.0  10000000000.0      10000
9998        9998  11.233495     27.0  19756.0  10000000000.0      10000
9999        9999  11.235715     27.0  19758.0  10000000000.0      10000
10000      10000  11.237952     27.0  19760.0  10000000000.0      10000

[10001 rows x 6 columns]
=====================================================================

Problem 3: KnapsackOpt
	Algorithm: ga


    Iteration  Fitness  FEvals  ...  Population Size Mutation Rate  max_iters
0          0  27501.0     200  ...              200           0.2       1000
1       1000  47036.0  166318  ...              200           0.2       1000

[2 rows x 8 columns]
		Best Fitness:      Iteration      Time  Fitness  ...  Population Size  Mutation Rate  max_iters
0            0  0.003722  27501.0  ...              200            0.2       1000
1            1  0.014227  28922.0  ...              200            0.2       1000
2            2  0.022519  30289.0  ...              200            0.2       1000
3            3  0.031247  30289.0  ...              200            0.2       1000
4            4  0.040985  30289.0  ...              200            0.2       1000
..         ...       ...      ...  ...              ...            ...        ...
822        822  4.302619  47036.0  ...              200            0.2       1000
823        823  4.307133  47036.0  ...              200            0.2       1000
824        824  4.311624  47036.0  ...              200            0.2       1000
825        825  4.316483  47036.0  ...              200            0.2       1000
826        826  4.320957  47036.0  ...              200            0.2       1000

[827 rows x 7 columns]
Problem 3: KnapsackOpt
	Algorithm: mimic


    Iteration  Fitness  FEvals  ...  Population Size Keep Percent  max_iters
0          0  27501.0     500  ...              500         0.65        500
1        500  47017.0  251071  ...              500         0.65        500

[2 rows x 9 columns]
		Best Fitness:      Iteration        Time  Fitness  ...  Population Size  Keep Percent  max_iters
0            0    0.010871  27501.0  ...              500          0.65        500
1            1    0.995524  30373.0  ...              500          0.65        500
2            2    1.724888  30373.0  ...              500          0.65        500
3            3    2.463124  31775.0  ...              500          0.65        500
4            4    3.218045  32014.0  ...              500          0.65        500
..         ...         ...      ...  ...              ...           ...        ...
496        496  402.993303  47017.0  ...              500          0.65        500
497        497  403.779708  47017.0  ...              500          0.65        500
498        498  404.566858  47017.0  ...              500          0.65        500
499        499  405.353952  47017.0  ...              500          0.65        500
500        500  406.139502  47017.0  ...              500          0.65        500

[501 rows x 8 columns]
Problem 3: KnapsackOpt
	Algorithm: rhc


      Iteration  Fitness  FEvals  ...  Restarts max_iters  current_restart
0            0  27501.0       0  ...        50      1000                0
1         1000  36139.0     843  ...        50      1000                0
2            0  26113.0     843  ...        50      1000                1
3         1000  36837.0    1949  ...        50      1000                1
4            0  26353.0    1949  ...        50      1000                2
..         ...      ...     ...  ...       ...       ...              ...
97        1000  35762.0   48624  ...        50      1000               48
98           0  26733.0   48624  ...        50      1000               49
99        1000  36829.0   49719  ...        50      1000               49
100          0  23898.0   49719  ...        50      1000               50
101       1000  37086.0   50781  ...        50      1000               50

[102 rows x 8 columns]
		Best Fitness:        Iteration      Time  Fitness  ...  Restarts  max_iters  current_restart
44690          1  0.001516  24003.0  ...        50       1000               50
44691          2  0.001547  24003.0  ...        50       1000               50
44692          3  0.001567  24003.0  ...        50       1000               50
44693          4  0.001596  24003.0  ...        50       1000               50
44694          5  0.001614  24003.0  ...        50       1000               50
...          ...       ...      ...  ...       ...        ...              ...
45621        932  0.122235  37086.0  ...        50       1000               50
45622        933  0.122438  37086.0  ...        50       1000               50
45623        934  0.122666  37086.0  ...        50       1000               50
45624        935  0.122870  37086.0  ...        50       1000               50
45625        936  0.123076  37086.0  ...        50       1000               50

[936 rows x 7 columns]
Problem 3: KnapsackOpt
	Algorithm: sa


    Iteration  Fitness  FEvals  ...  schedule_current_value Temperature max_iters
0          0  27501.0       0  ...              999.999248        1000      1000
1       1000  38561.0    1310  ...              998.671709        1000      1000

[2 rows x 12 columns]
		Best Fitness:       Iteration      Time  Fitness  FEvals Temperature  max_iters
0             0  0.000075  27501.0     0.0        1000       1000
1             1  0.001559  27610.0     2.0        1000       1000
2             2  0.001595  27646.0     4.0        1000       1000
3             3  0.001652  27476.0     6.0        1000       1000
4             4  0.001689  27507.0     8.0        1000       1000
...         ...       ...      ...     ...         ...        ...
996         996  0.131305  38561.0  1306.0        1000       1000
997         997  0.131539  38561.0  1307.0        1000       1000
998         998  0.131781  38561.0  1308.0        1000       1000
999         999  0.132017  38561.0  1309.0        1000       1000
1000       1000  0.132252  38561.0  1310.0        1000       1000

[1001 rows x 6 columns]
=====================================================================


